| <a href='mailto:email'> Elhabib Safouane </a> a comment&eacute; le "le 16 Feb 2014 00:48:48", et il a &eacute;crit : <div class="com_nabil" >
Bon Continuation Nabil, c'est bien comme idée, reste à améliorer l'interface et rajouter plus de rubriques.  </div>

| <a href='mailto:email'> Salhi Nabil</a> a comment&eacute; le "le 16 Feb 2014 01:48:19", et il a &eacute;crit : <div class="com_nabil" > Merci Mr. Saouane, on va faire notre mieux ;)  </div>

| <a href='mailto:email'> Miquas oussama </a> a comment&eacute; le "18 Feb 2014 12:39:13", et il a &eacute;crit : <div class="com_nabil" >
 Bon couraaage khoyaa bon travail lah iwaffa9 </div> 
| <a href='mailto:email'> hamidou MGE</a> a comment&eacute; le "20 Feb 2014 19:05:26", et il a &eacute;crit : <div class="com_nabil" >
   bien fait (y) les souvenirs hahaha </div> 
| <a href='mailto:email'> Salhi Nabil</a> a comment&eacute; le "20 Feb 2014 19:42:54", et il a &eacute;crit : <div class="com_nabil" >
Merci drari :)   c grace a vous :D </div> 
| <a href='mailto:email'> Benzakounia el khamiss</a> a comment&eacute; le "20 Feb 2014 19:56:38", et il a &eacute;crit : <div class="com_nabil" >
 bonne continuation :)  
 </div>  
| <a href='mailto:man3tikchemaildial@gmail.com'> Tarik Sahbek </a> a comment&eacute; le "22 Mar 2014 19:40:01", et il a &eacute;crit : <div class="com_nabil" >
  bah ce que je dirais ce que bn travail </div> 
| <a href='mailto:xyzuhyjypog@hotmail.com'> DarrenMt DarrenMtZK</a> a comment&eacute; le "13 Apr 2014 10:46:21", et il a &eacute;crit : <div class="com_nabil" >
 
Howdy, awesome website you have there. 
My Website - http://portageparkdistrict.org/ </div> | <a href='mailto:vyrubisokecu@hotmail.com'> RobertMr RobertMrKF</a> a comment&eacute; le "14 Apr 2014 05:51:44", et il a &eacute;crit : <div class="com_nabil" >
 
I treasure the information on your site. Thanks a bunch. 
My Website - http://journal-cinema.org </div> | <a href='mailto:vyrubisokecu@hotmail.com'> Georgeet GeorgeetVS</a> a comment&eacute; le "15 Apr 2014 05:32:21", et il a &eacute;crit : <div class="com_nabil" >
 
Really....such a handy internet site. 
My Website - http://iupatdc5.org </div> | <a href='mailto:bvcvbfdgfc134@gmail.com'> Michealzem MichealzemVK</a> a comment&eacute; le "25 Apr 2014 04:35:20", et il a &eacute;crit : <div class="com_nabil" >
wells fargo routing number in minnesota   <a href=http://dolgozoanya.hu/generikus-viagra.html>viagra</a>  buy tramadol no prescription overnight  </div> 